{"meta": {"version": "5.3.1", "timestamp": "2021-01-09T19:16:46.839165", "branch_coverage": false, "show_contexts": false}, "files": {"cov.py": {"executed_lines": [1, 2, 6, 8, 10, 13], "summary": {"covered_lines": 6, "num_statements": 9, "percent_covered": 66.66666666666667, "missing_lines": 3, "excluded_lines": 0}, "missing_lines": [14, 18, 20], "excluded_lines": []}}, "totals": {"covered_lines": 6, "num_statements": 9, "percent_covered": 66.66666666666667, "missing_lines": 3, "excluded_lines": 0}}