{
    "meta": {
        "version": "5.3.1",
        "timestamp": "2021-01-04T17:11:54.777258",
        "branch_coverage": false,
        "show_contexts": false
    },
    "files": {
        "cov.py": {
            "executed_lines": [
                1,
                2,
                5
            ],
            "summary": {
                "covered_lines": 3,
                "num_statements": 4,
                "percent_covered": 75.0,
                "missing_lines": 1,
                "excluded_lines": 0
            },
            "missing_lines": [
                8
            ],
            "excluded_lines": []
        },
        "extract.py": {
            "executed_lines": [],
            "summary": {
                "covered_lines": 0,
                "num_statements": 18,
                "percent_covered": 0.0,
                "missing_lines": 18,
                "excluded_lines": 0
            },
            "missing_lines": [
                1,
                2,
                4,
                5,
                7,
                8,
                17,
                30,
                31,
                32,
                33,
                34,
                35,
                36,
                39,
                41,
                42,
                43
            ],
            "excluded_lines": []
        }
    },
    "totals": {
        "covered_lines": 3,
        "num_statements": 22,
        "percent_covered": 13.636363636363637,
        "missing_lines": 19,
        "excluded_lines": 0
    }
}